<?xml version="1.0" encoding="UTF-8"?>
<!-- Generated by org.testng.reporters.JUnitReportReporter -->
<testsuite hostname="bc6f399fcc15526" failures="0" tests="8" name="testcases.operationTheatre_testcase" time="26.488" errors="0" timestamp="2025-03-05T11:22:18 IST" skipped="0">
  <testcase classname="testcases.operationTheatre_testcase" name="verifyTitleOfTheHomePage" time="5.213"/>
  <testcase classname="testcases.operationTheatre_testcase" name="goToOperationTheatreModuleVerifyTableHeaderName" time="3.413"/>
  <testcase classname="testcases.operationTheatre_testcase" name="verifyBookingOTScheduleFormByClickingOnNewOTBookingButton" time="2.295"/>
  <testcase classname="testcases.operationTheatre_testcase" name="verifyEnteredDataIsPresentInTextbox" time="0.792"/>
  <testcase classname="testcases.operationTheatre_testcase" name="verifyPlaceholderNameOfTexboxIfTextboxIsEnabled" time="2.304"/>
  <testcase classname="testcases.operationTheatre_testcase" name="verifyButtonIsPresentAfterSendValueToSurgenNameTextfield" time="4.642"/>
  <testcase classname="testcases.operationTheatre_testcase" name="verifyPlusButtonIsPresentAfterClickOnExternalCheckbox" time="3.300"/>
  <testcase classname="testcases.operationTheatre_testcase" name="verifyErrorMessageInAddExternalReferralForms" time="4.529"/>
</testsuite> <!-- testcases.operationTheatre_testcase -->
